<?xml version="1.0" encoding="UTF-8"?>
<testng-results ignored="0" total="1" passed="1" failed="0" skipped="0">
  <reporter-output>
  </reporter-output>
  <suite started-at="2023-10-16T16:00:27 IST" name="Default suite" finished-at="2023-10-16T16:01:00 IST" duration-ms="32679">
    <groups>
    </groups>
    <test started-at="2023-10-16T16:00:27 IST" name="Default test" finished-at="2023-10-16T16:01:00 IST" duration-ms="32679">
      <class name="com.testcases.addinventrytest">
        <test-method is-config="true" signature="setup()[pri:0, instance:com.testcases.addinventrytest@6892b3b6]" started-at="2023-10-16T16:00:28 IST" name="setup" finished-at="2023-10-16T16:00:39 IST" duration-ms="11038" status="PASS">
          <reporter-output>
          </reporter-output>
        </test-method> <!-- setup -->
        <test-method signature="loginvalidation(java.lang.String,java.lang.String,java.lang.String,java.lang.String,java.lang.String,java.lang.String,java.lang.String,java.lang.String,java.lang.String)[pri:0, instance:com.testcases.addinventrytest@6892b3b6]" started-at="2023-10-16T16:00:39 IST" name="loginvalidation" data-provider="dataread" finished-at="2023-10-16T16:01:00 IST" duration-ms="20280" status="PASS">
          <params>
            <param index="0">
              <value>
                <![CDATA[7687687]]>
              </value>
            </param>
            <param index="1">
              <value>
                <![CDATA[tv]]>
              </value>
            </param>
            <param index="2">
              <value>
                <![CDATA[smart tv]]>
              </value>
            </param>
            <param index="3">
              <value>
                <![CDATA[30]]>
              </value>
            </param>
            <param index="4">
              <value>
                <![CDATA[25]]>
              </value>
            </param>
            <param index="5">
              <value>
                <![CDATA[6]]>
              </value>
            </param>
            <param index="6">
              <value>
                <![CDATA[black]]>
              </value>
            </param>
            <param index="7">
              <value>
                <![CDATA[45000]]>
              </value>
            </param>
            <param index="8">
              <value>
                <![CDATA[15]]>
              </value>
            </param>
          </params>
          <reporter-output>
          </reporter-output>
        </test-method> <!-- loginvalidation -->
        <test-method is-config="true" signature="teardown()[pri:0, instance:com.testcases.addinventrytest@6892b3b6]" started-at="2023-10-16T16:01:00 IST" name="teardown" finished-at="2023-10-16T16:01:00 IST" duration-ms="0" status="PASS">
          <reporter-output>
          </reporter-output>
        </test-method> <!-- teardown -->
      </class> <!-- com.testcases.addinventrytest -->
    </test> <!-- Default test -->
  </suite> <!-- Default suite -->
</testng-results>
